#
# There is insufficient memory for the Java Runtime Environment to continue.
# Native memory allocation (malloc) failed to allocate 1456656 bytes for Chunk::new
# Possible reasons:
#   The system is out of physical RAM or swap space
#   In 32 bit mode, the process size limit was hit
# Possible solutions:
#   Reduce memory load on the system
#   Increase physical memory or swap space
#   Check if swap backing store is full
#   Use 64 bit Java on a 64 bit OS
#   Decrease Java heap size (-Xmx/-Xms)
#   Decrease number of Java threads
#   Decrease Java thread stack sizes (-Xss)
#   Set larger code cache with -XX:ReservedCodeCacheSize=
# This output file may be truncated or incomplete.
#
#  Out of Memory Error (allocation.cpp:390), pid=2680, tid=1140
#
# JRE version: Java(TM) SE Runtime Environment (8.0_71-b15) (build 1.8.0_71-b15)
# Java VM: Java HotSpot(TM) 64-Bit Server VM (25.71-b15 mixed mode windows-amd64 compressed oops)
# Failed to write core dump. Minidumps are not enabled by default on client versions of Windows
#

---------------  T H R E A D  ---------------

Current thread (0x0000000018a2a000):  JavaThread "C2 CompilerThread0" daemon [_thread_in_native, id=1140, stack(0x0000000019fa0000,0x000000001a0a0000)]

Stack: [0x0000000019fa0000,0x000000001a0a0000]
[error occurred during error reporting (printing stack bounds), id 0xc0000005]

Native frames: (J=compiled Java code, j=interpreted, Vv=VM code, C=native code)


Current CompileTask:
C2:15931103 32733       4       com.android.utils.XmlUtils::append (540 bytes)


---------------  P R O C E S S  ---------------

Java Threads: ( => current thread )
  0x000000002115d800 JavaThread "stdout" daemon [_thread_in_native, id=13992, stack(0x000000002fff0000,0x00000000300f0000)]
  0x000000002115c000 JavaThread "stderr" daemon [_thread_in_native, id=11312, stack(0x000000002fef0000,0x000000002fff0000)]
  0x000000002115c800 JavaThread "stdout" daemon [_thread_in_native, id=14008, stack(0x000000002fcb0000,0x000000002fdb0000)]
  0x000000002115f800 JavaThread "stderr" daemon [_thread_in_native, id=13652, stack(0x000000002fbb0000,0x000000002fcb0000)]
  0x0000000021160800 JavaThread "stdout" daemon [_thread_in_native, id=9300, stack(0x000000002fab0000,0x000000002fbb0000)]
  0x0000000021162000 JavaThread "stderr" daemon [_thread_in_native, id=11744, stack(0x000000002f9b0000,0x000000002fab0000)]
  0x000000001bb18800 JavaThread "stdout" daemon [_thread_in_native, id=12724, stack(0x000000002f8b0000,0x000000002f9b0000)]
  0x000000001bb17800 JavaThread "stderr" daemon [_thread_in_native, id=5536, stack(0x000000002f7b0000,0x000000002f8b0000)]
  0x000000001bb17000 JavaThread "stdout" daemon [_thread_in_native, id=8484, stack(0x000000002f6b0000,0x000000002f7b0000)]
  0x000000001bb15800 JavaThread "stderr" daemon [_thread_in_native, id=4424, stack(0x000000002f5b0000,0x000000002f6b0000)]
  0x000000001bb14000 JavaThread "stdout" daemon [_thread_in_native, id=11724, stack(0x000000002f4b0000,0x000000002f5b0000)]
  0x000000002348f000 JavaThread "stderr" daemon [_thread_in_native, id=4040, stack(0x000000002f3b0000,0x000000002f4b0000)]
  0x0000000023494800 JavaThread "stdout" daemon [_thread_in_native, id=11556, stack(0x000000002f2b0000,0x000000002f3b0000)]
  0x000000002348d000 JavaThread "stderr" daemon [_thread_in_native, id=8088, stack(0x000000002f1b0000,0x000000002f2b0000)]
  0x0000000023493000 JavaThread "stdout" daemon [_thread_in_native, id=10636, stack(0x000000002f0b0000,0x000000002f1b0000)]
  0x000000002348e800 JavaThread "stderr" daemon [_thread_in_native, id=6760, stack(0x000000002efb0000,0x000000002f0b0000)]
  0x0000000023489000 JavaThread "ForkJoinPool.commonPool-worker-3" daemon [_thread_blocked, id=1260, stack(0x000000002eeb0000,0x000000002efb0000)]
  0x0000000023488800 JavaThread "ForkJoinPool.commonPool-worker-10" daemon [_thread_blocked, id=6284, stack(0x000000002edb0000,0x000000002eeb0000)]
  0x00000000217a5800 JavaThread "pool-94-thread-1" [_thread_blocked, id=3060, stack(0x000000002ecb0000,0x000000002edb0000)]
  0x00000000217a8800 JavaThread "ForkJoinPool.commonPool-worker-1" daemon [_thread_blocked, id=6532, stack(0x000000002e8a0000,0x000000002e9a0000)]
  0x00000000217a4000 JavaThread "ForkJoinPool.commonPool-worker-8" daemon [_thread_blocked, id=7088, stack(0x000000002e7a0000,0x000000002e8a0000)]
  0x000000002179b000 JavaThread "ForkJoinPool.commonPool-worker-15" daemon [_thread_blocked, id=2364, stack(0x000000002e6a0000,0x000000002e7a0000)]
  0x000000002179a800 JavaThread "ForkJoinPool.commonPool-worker-6" daemon [_thread_blocked, id=4596, stack(0x000000002e5a0000,0x000000002e6a0000)]
  0x00000000217a1000 JavaThread "ForkJoinPool.commonPool-worker-13" daemon [_thread_blocked, id=9904, stack(0x000000002e4a0000,0x000000002e5a0000)]
  0x00000000217a0800 JavaThread "ForkJoinPool.commonPool-worker-4" daemon [_thread_blocked, id=5652, stack(0x000000002e3a0000,0x000000002e4a0000)]
  0x000000001aa67000 JavaThread "Cache worker for execution history cache (E:\demo\android\AndroidQ\.gradle\5.1.1\executionHistory)" [_thread_blocked, id=7652, stack(0x000000002e2a0000,0x000000002e3a0000)]
  0x000000001aa66000 JavaThread "Execution worker for ':' Thread 11" [_thread_blocked, id=5368, stack(0x000000002e1a0000,0x000000002e2a0000)]
  0x000000001aa65800 JavaThread "Execution worker for ':' Thread 10" [_thread_blocked, id=8816, stack(0x000000002e0a0000,0x000000002e1a0000)]
  0x000000001aa5d800 JavaThread "Execution worker for ':' Thread 9" [_thread_blocked, id=1380, stack(0x000000002dfa0000,0x000000002e0a0000)]
  0x000000001aa64800 JavaThread "Execution worker for ':' Thread 8" [_thread_blocked, id=5380, stack(0x000000002a990000,0x000000002aa90000)]
  0x000000001aa62800 JavaThread "Execution worker for ':' Thread 7" [_thread_blocked, id=5140, stack(0x0000000029da0000,0x0000000029ea0000)]
  0x000000001aa5f000 JavaThread "Execution worker for ':' Thread 6" [_thread_blocked, id=4604, stack(0x0000000029830000,0x0000000029930000)]
  0x000000001aa63000 JavaThread "Execution worker for ':' Thread 5" [_thread_blocked, id=1680, stack(0x0000000029730000,0x0000000029830000)]
  0x000000001aa61800 JavaThread "Execution worker for ':' Thread 4" [_thread_blocked, id=8200, stack(0x0000000028930000,0x0000000028a30000)]
  0x000000001aa58800 JavaThread "Execution worker for ':' Thread 3" [_thread_blocked, id=2360, stack(0x00000000284a0000,0x00000000285a0000)]
  0x000000001aa5c000 JavaThread "Execution worker for ':' Thread 2" [_thread_blocked, id=4820, stack(0x0000000027fa0000,0x00000000280a0000)]
  0x000000001aa59000 JavaThread "Execution worker for ':'" [_thread_blocked, id=6564, stack(0x0000000027ba0000,0x0000000027ca0000)]
  0x000000002b87d000 JavaThread "Cache worker for file content cache (E:\demo\android\AndroidQ\.gradle\5.1.1\fileContent)" [_thread_blocked, id=11640, stack(0x0000000027cd0000,0x0000000027dd0000)]
  0x000000002b87c000 JavaThread "Cache worker for Build Output Cleanup Cache (E:\demo\android\AndroidQ\.gradle\buildOutputCleanup)" [_thread_blocked, id=3116, stack(0x00000000276a0000,0x00000000277a0000)]
  0x000000002b87b800 JavaThread "Build operations Thread 12" [_thread_blocked, id=3780, stack(0x00000000273a0000,0x00000000274a0000)]
  0x000000002b87a800 JavaThread "Build operations Thread 11" [_thread_blocked, id=7484, stack(0x00000000270a0000,0x00000000271a0000)]
  0x000000002b871000 JavaThread "Build operations Thread 10" [_thread_blocked, id=940, stack(0x0000000026fa0000,0x00000000270a0000)]
  0x000000002b877000 JavaThread "Build operations Thread 9" [_thread_blocked, id=1728, stack(0x0000000026880000,0x0000000026980000)]
  0x000000002b870000 JavaThread "Build operations Thread 8" [_thread_blocked, id=6768, stack(0x00000000247b0000,0x00000000248b0000)]
  0x000000002b876000 JavaThread "Build operations Thread 7" [_thread_blocked, id=6936, stack(0x00000000242b0000,0x00000000243b0000)]
  0x000000002b875800 JavaThread "Build operations Thread 6" [_thread_blocked, id=10840, stack(0x00000000240b0000,0x00000000241b0000)]
  0x000000002b872800 JavaThread "Build operations Thread 5" [_thread_blocked, id=13596, stack(0x0000000023c30000,0x0000000023d30000)]
  0x000000002b874800 JavaThread "Build operations Thread 4" [_thread_blocked, id=6880, stack(0x0000000023b30000,0x0000000023c30000)]
  0x000000002b871800 JavaThread "Build operations Thread 3" [_thread_blocked, id=10064, stack(0x0000000023a30000,0x0000000023b30000)]
  0x0000000024f66800 JavaThread "Build operations Thread 2" [_thread_blocked, id=11540, stack(0x0000000023930000,0x0000000023a30000)]
  0x0000000024f5d800 JavaThread "Build operations" [_thread_blocked, id=10680, stack(0x0000000020f40000,0x0000000021040000)]
  0x0000000024f5b800 JavaThread "Cache worker for cache directory md-rule (D:\develop\.gradle\caches\5.1.1\md-rule)" [_thread_blocked, id=12740, stack(0x0000000020e40000,0x0000000020f40000)]
  0x0000000024f60000 JavaThread "Cache worker for cache directory md-supplier (D:\develop\.gradle\caches\5.1.1\md-supplier)" [_thread_blocked, id=6448, stack(0x000000001fb00000,0x000000001fc00000)]
  0x0000000024f5a800 JavaThread "Cache worker for file hash cache (E:\demo\android\AndroidQ\.gradle\5.1.1\fileHashes)" [_thread_blocked, id=11380, stack(0x000000001f1e0000,0x000000001f2e0000)]
  0x0000000024f5d000 JavaThread "Thread-1558" [_thread_blocked, id=2196, stack(0x000000001f0e0000,0x000000001f1e0000)]
  0x0000000024f58800 JavaThread "Stdin handler" [_thread_blocked, id=10044, stack(0x000000001cb40000,0x000000001cc40000)]
  0x0000000024f59000 JavaThread "Asynchronous log dispatcher for DefaultDaemonConnection: socket connection from /127.0.0.1:56695 to /127.0.0.1:61724" [_thread_blocked, id=10924, stack(0x000000001c840000,0x000000001c940000)]
  0x0000000024f5c000 JavaThread "Daemon worker Thread 36" [_thread_blocked, id=11752, stack(0x000000001c740000,0x000000001c840000)]
  0x0000000024f5a000 JavaThread "Cancel handler" [_thread_blocked, id=7180, stack(0x000000001c440000,0x000000001c540000)]
  0x0000000024f5f000 JavaThread "Handler for socket connection from /127.0.0.1:56695 to /127.0.0.1:61724" [_thread_in_native, id=11700, stack(0x000000001c340000,0x000000001c440000)]
  0x0000000024f5e800 JavaThread "Daemon Thread 36" [_thread_blocked, id=5212, stack(0x00000000010e0000,0x00000000011e0000)]
  0x0000000023495000 JavaThread "Java2D Disposer" daemon [_thread_blocked, id=12340, stack(0x0000000029bd0000,0x0000000029cd0000)]
  0x0000000023493800 JavaThread "Cache worker for Java compile cache (D:\develop\.gradle\caches\5.1.1\javaCompile)" [_thread_blocked, id=13744, stack(0x0000000027ea0000,0x0000000027fa0000)]
  0x00000000217a5000 JavaThread "Cache worker for file content cache (D:\develop\.gradle\caches\5.1.1\fileContent)" [_thread_blocked, id=3956, stack(0x0000000026780000,0x0000000026880000)]
  0x00000000217a8000 JavaThread "Memory manager" [_thread_blocked, id=2256, stack(0x0000000026680000,0x0000000026780000)]
  0x000000002179c000 JavaThread "Cache worker for execution history cache (D:\develop\.gradle\caches\5.1.1\executionHistory)" [_thread_blocked, id=13344, stack(0x0000000023db0000,0x0000000023eb0000)]
  0x000000001bb14800 JavaThread "Cache worker for journal cache (D:\develop\.gradle\caches\journal-1)" [_thread_blocked, id=10132, stack(0x000000001ce40000,0x000000001cf40000)]
  0x000000001bb16000 JavaThread "File lock request listener" [_thread_in_native, id=5396, stack(0x000000001cd40000,0x000000001ce40000)]
  0x000000001bb11800 JavaThread "Cache worker for file hash cache (D:\develop\.gradle\caches\5.1.1\fileHashes)" [_thread_blocked, id=14316, stack(0x000000001cc40000,0x000000001cd40000)]
  0x000000001b7f2000 JavaThread "Daemon periodic checks" [_thread_blocked, id=4664, stack(0x000000001c240000,0x000000001c340000)]
  0x000000001b7e0000 JavaThread "Incoming local TCP Connector on port 56695" [_thread_in_native, id=12480, stack(0x000000001c090000,0x000000001c190000)]
  0x000000001b750000 JavaThread "Daemon health stats" [_thread_blocked, id=776, stack(0x000000001bd70000,0x000000001be70000)]
  0x0000000018acb000 JavaThread "Service Thread" daemon [_thread_blocked, id=4080, stack(0x000000001a3a0000,0x000000001a4a0000)]
  0x0000000018a36800 JavaThread "C1 CompilerThread3" daemon [_thread_blocked, id=1276, stack(0x000000001a2a0000,0x000000001a3a0000)]
  0x0000000018a36000 JavaThread "C2 CompilerThread2" daemon [_thread_in_native, id=14124, stack(0x000000001a1a0000,0x000000001a2a0000)]
  0x0000000018a30800 JavaThread "C2 CompilerThread1" daemon [_thread_in_native, id=5200, stack(0x000000001a0a0000,0x000000001a1a0000)]
=>0x0000000018a2a000 JavaThread "C2 CompilerThread0" daemon [_thread_in_native, id=1140, stack(0x0000000019fa0000,0x000000001a0a0000)]
  0x0000000018a27800 JavaThread "Attach Listener" daemon [_thread_blocked, id=8812, stack(0x0000000019ea0000,0x0000000019fa0000)]
  0x00000000189db000 JavaThread "Signal Dispatcher" daemon [_thread_blocked, id=11900, stack(0x0000000019da0000,0x0000000019ea0000)]
  0x0000000003305000 JavaThread "Finalizer" daemon [_thread_blocked, id=13072, stack(0x0000000019c40000,0x0000000019d40000)]
  0x00000000172ec800 JavaThread "Reference Handler" daemon [_thread_blocked, id=10052, stack(0x0000000019b40000,0x0000000019c40000)]
  0x0000000003211000 JavaThread "main" [_thread_blocked, id=7568, stack(0x0000000003100000,0x0000000003200000)]

Other Threads:
  0x00000000172e6800 VMThread [stack: 0x0000000019a40000,0x0000000019b40000] [id=12220]
  0x0000000018aed800 WatcherThread [stack: 0x000000001a4a0000,0x000000001a5a0000] [id=4768]

VM state:at safepoint (normal execution)

VM Mutex/Monitor currently owned by a thread: None

Heap:
 PSYoungGen      total 378368K, used 280260K [0x00000000e0000000, 0x00000000fba80000, 0x0000000100000000)
  eden space 311296K, 77% used [0x00000000e0000000,0x00000000eeb30818,0x00000000f3000000)
  from space 67072K, 58% used [0x00000000f3000000,0x00000000f5680aa8,0x00000000f7180000)
  to   space 68096K, 0% used [0x00000000f7800000,0x00000000f7800000,0x00000000fba80000)
 ParOldGen       total 355840K, used 44872K [0x00000000a0000000, 0x00000000b5b80000, 0x00000000e0000000)
  object space 355840K, 12% used [0x00000000a0000000,0x00000000a2bd21a8,0x00000000b5b80000)
 Metaspace       used 111753K, capacity 119266K, committed 119488K, reserved 1153024K
  class space    used 14167K, capacity 15522K, committed 15576K, reserved 1048576K

Card table byte_map: [0x00000000126d0000,0x00000000129e0000] byte_map_base: 0x00000000121d0000

Marking Bits: (ParMarkBitMap*) 0x000000007513f600
 Begin Bits: [0x00000000135e0000, 0x0000000014de0000)
 End Bits:   [0x0000000014de0000, 0x00000000165e0000)

Polling page: 0x0000000001470000

CodeCache: size=245760Kb used=86420Kb max_used=86420Kb free=159339Kb
 bounds [0x0000000003310000, 0x0000000008810000, 0x0000000012310000]
 total_blobs=25146 nmethods=24140 adapters=916
 compilation: enabled

Compilation events (10 events):
Event: 15930.992 Thread 0x0000000018a36800 32761   !   3       com.android.ide.common.blame.MergingLogPersistUtil::saveToMultiFileVersion2 (410 bytes)
Event: 15930.995 Thread 0x0000000018a36800 nmethod 32761 0x00000000087f0190 code [0x00000000087f0b40, 0x00000000087f6b98]
Event: 15931.001 Thread 0x0000000018a36800 32762       3       java.util.concurrent.ConcurrentHashMap$EntrySetView::iterator (34 bytes)
Event: 15931.002 Thread 0x0000000018a36800 nmethod 32762 0x00000000087fb690 code [0x00000000087fb820, 0x00000000087fbc38]
Event: 15931.002 Thread 0x0000000018a36800 32763       3       java.util.concurrent.ConcurrentHashMap$EntryIterator::<init> (12 bytes)
Event: 15931.002 Thread 0x0000000018a36800 nmethod 32763 0x00000000087fbe50 code [0x00000000087fbfc0, 0x00000000087fc298]
Event: 15931.007 Thread 0x0000000018a36800 32764       2       com.android.ide.common.resources.NodeUtils::addAttribute (71 bytes)
Event: 15931.007 Thread 0x0000000018a36800 nmethod 32764 0x00000000087fc3d0 code [0x00000000087fc580, 0x00000000087fc808]
Event: 15931.008 Thread 0x0000000018a36800 32767       3       com.android.ide.common.resources.DataSet::appendToXml (390 bytes)
Event: 15931.009 Thread 0x0000000018a36800 nmethod 32767 0x00000000087fc990 code [0x00000000087fcea0, 0x00000000087ffed8]

GC Heap History (10 events):
Event: 15104.601 GC heap before
{Heap before GC invocations=75 (full 6):
 PSYoungGen      total 365568K, used 324952K [0x00000000e0000000, 0x00000000fa100000, 0x0000000100000000)
  eden space 305152K, 99% used [0x00000000e0000000,0x00000000f29de300,0x00000000f2a00000)
  from space 60416K, 32% used [0x00000000f6600000,0x00000000f7977de0,0x00000000fa100000)
  to   space 60928K, 0% used [0x00000000f2a00000,0x00000000f2a00000,0x00000000f6580000)
 ParOldGen       total 355840K, used 44840K [0x00000000a0000000, 0x00000000b5b80000, 0x00000000e0000000)
  object space 355840K, 12% used [0x00000000a0000000,0x00000000a2bca1a8,0x00000000b5b80000)
 Metaspace       used 98223K, capacity 104198K, committed 104256K, reserved 1140736K
  class space    used 12334K, capacity 13362K, committed 13400K, reserved 1048576K
Event: 15104.619 GC heap after
Heap after GC invocations=75 (full 6):
 PSYoungGen      total 366080K, used 32356K [0x00000000e0000000, 0x00000000fa900000, 0x0000000100000000)
  eden space 305152K, 0% used [0x00000000e0000000,0x00000000e0000000,0x00000000f2a00000)
  from space 60928K, 53% used [0x00000000f2a00000,0x00000000f4999300,0x00000000f6580000)
  to   space 61440K, 0% used [0x00000000f6d00000,0x00000000f6d00000,0x00000000fa900000)
 ParOldGen       total 355840K, used 44848K [0x00000000a0000000, 0x00000000b5b80000, 0x00000000e0000000)
  object space 355840K, 12% used [0x00000000a0000000,0x00000000a2bcc1a8,0x00000000b5b80000)
 Metaspace       used 98223K, capacity 104198K, committed 104256K, reserved 1140736K
  class space    used 12334K, capacity 13362K, committed 13400K, reserved 1048576K
}
Event: 15106.223 GC heap before
{Heap before GC invocations=76 (full 6):
 PSYoungGen      total 366080K, used 337508K [0x00000000e0000000, 0x00000000fa900000, 0x0000000100000000)
  eden space 305152K, 100% used [0x00000000e0000000,0x00000000f2a00000,0x00000000f2a00000)
  from space 60928K, 53% used [0x00000000f2a00000,0x00000000f4999300,0x00000000f6580000)
  to   space 61440K, 0% used [0x00000000f6d00000,0x00000000f6d00000,0x00000000fa900000)
 ParOldGen       total 355840K, used 44848K [0x00000000a0000000, 0x00000000b5b80000, 0x00000000e0000000)
  object space 355840K, 12% used [0x00000000a0000000,0x00000000a2bcc1a8,0x00000000b5b80000)
 Metaspace       used 98246K, capacity 104198K, committed 104256K, reserved 1140736K
  class space    used 12336K, capacity 13362K, committed 13400K, reserved 1048576K
Event: 15106.242 GC heap after
Heap after GC invocations=76 (full 6):
 PSYoungGen      total 365568K, used 56516K [0x00000000e0000000, 0x00000000fbc00000, 0x0000000100000000)
  eden space 304128K, 0% used [0x00000000e0000000,0x00000000e0000000,0x00000000f2900000)
  from space 61440K, 91% used [0x00000000f6d00000,0x00000000fa431048,0x00000000fa900000)
  to   space 69632K, 0% used [0x00000000f2900000,0x00000000f2900000,0x00000000f6d00000)
 ParOldGen       total 355840K, used 44848K [0x00000000a0000000, 0x00000000b5b80000, 0x00000000e0000000)
  object space 355840K, 12% used [0x00000000a0000000,0x00000000a2bcc1a8,0x00000000b5b80000)
 Metaspace       used 98246K, capacity 104198K, committed 104256K, reserved 1140736K
  class space    used 12336K, capacity 13362K, committed 13400K, reserved 1048576K
}
Event: 15416.647 GC heap before
{Heap before GC invocations=77 (full 6):
 PSYoungGen      total 365568K, used 360644K [0x00000000e0000000, 0x00000000fbc00000, 0x0000000100000000)
  eden space 304128K, 100% used [0x00000000e0000000,0x00000000f2900000,0x00000000f2900000)
  from space 61440K, 91% used [0x00000000f6d00000,0x00000000fa431048,0x00000000fa900000)
  to   space 69632K, 0% used [0x00000000f2900000,0x00000000f2900000,0x00000000f6d00000)
 ParOldGen       total 355840K, used 44848K [0x00000000a0000000, 0x00000000b5b80000, 0x00000000e0000000)
  object space 355840K, 12% used [0x00000000a0000000,0x00000000a2bcc1a8,0x00000000b5b80000)
 Metaspace       used 102449K, capacity 108920K, committed 108992K, reserved 1144832K
  class space    used 12876K, capacity 13997K, committed 14040K, reserved 1048576K
Event: 15416.654 GC heap after
Heap after GC invocations=77 (full 6):
 PSYoungGen      total 373760K, used 13728K [0x00000000e0000000, 0x00000000fb480000, 0x0000000100000000)
  eden space 304128K, 0% used [0x00000000e0000000,0x00000000e0000000,0x00000000f2900000)
  from space 69632K, 19% used [0x00000000f2900000,0x00000000f3668088,0x00000000f6d00000)
  to   space 67584K, 0% used [0x00000000f7280000,0x00000000f7280000,0x00000000fb480000)
 ParOldGen       total 355840K, used 44856K [0x00000000a0000000, 0x00000000b5b80000, 0x00000000e0000000)
  object space 355840K, 12% used [0x00000000a0000000,0x00000000a2bce1a8,0x00000000b5b80000)
 Metaspace       used 102449K, capacity 108920K, committed 108992K, reserved 1144832K
  class space    used 12876K, capacity 13997K, committed 14040K, reserved 1048576K
}
Event: 15427.685 GC heap before
{Heap before GC invocations=78 (full 6):
 PSYoungGen      total 373760K, used 317856K [0x00000000e0000000, 0x00000000fb480000, 0x0000000100000000)
  eden space 304128K, 100% used [0x00000000e0000000,0x00000000f2900000,0x00000000f2900000)
  from space 69632K, 19% used [0x00000000f2900000,0x00000000f3668088,0x00000000f6d00000)
  to   space 67584K, 0% used [0x00000000f7280000,0x00000000f7280000,0x00000000fb480000)
 ParOldGen       total 355840K, used 44856K [0x00000000a0000000, 0x00000000b5b80000, 0x00000000e0000000)
  object space 355840K, 12% used [0x00000000a0000000,0x00000000a2bce1a8,0x00000000b5b80000)
 Metaspace       used 109042K, capacity 115858K, committed 116160K, reserved 1150976K
  class space    used 13808K, capacity 15002K, committed 15064K, reserved 1048576K
Event: 15427.707 GC heap after
Heap after GC invocations=78 (full 6):
 PSYoungGen      total 377344K, used 35018K [0x00000000e0000000, 0x00000000fb300000, 0x0000000100000000)
  eden space 311296K, 0% used [0x00000000e0000000,0x00000000e0000000,0x00000000f3000000)
  from space 66048K, 53% used [0x00000000f7280000,0x00000000f94b2bf0,0x00000000fb300000)
  to   space 67072K, 0% used [0x00000000f3000000,0x00000000f3000000,0x00000000f7180000)
 ParOldGen       total 355840K, used 44864K [0x00000000a0000000, 0x00000000b5b80000, 0x00000000e0000000)
  object space 355840K, 12% used [0x00000000a0000000,0x00000000a2bd01a8,0x00000000b5b80000)
 Metaspace       used 109042K, capacity 115858K, committed 116160K, reserved 1150976K
  class space    used 13808K, capacity 15002K, committed 15064K, reserved 1048576K
}
Event: 15510.516 GC heap before
{Heap before GC invocations=79 (full 6):
 PSYoungGen      total 377344K, used 346314K [0x00000000e0000000, 0x00000000fb300000, 0x0000000100000000)
  eden space 311296K, 100% used [0x00000000e0000000,0x00000000f3000000,0x00000000f3000000)
  from space 66048K, 53% used [0x00000000f7280000,0x00000000f94b2bf0,0x00000000fb300000)
  to   space 67072K, 0% used [0x00000000f3000000,0x00000000f3000000,0x00000000f7180000)
 ParOldGen       total 355840K, used 44864K [0x00000000a0000000, 0x00000000b5b80000, 0x00000000e0000000)
  object space 355840K, 12% used [0x00000000a0000000,0x00000000a2bd01a8,0x00000000b5b80000)
 Metaspace       used 111556K, capacity 119022K, committed 119232K, reserved 1153024K
  class space    used 14156K, capacity 15504K, committed 15576K, reserved 1048576K
Event: 15510.529 GC heap after
Heap after GC invocations=79 (full 6):
 PSYoungGen      total 378368K, used 39426K [0x00000000e0000000, 0x00000000fba80000, 0x0000000100000000)
  eden space 311296K, 0% used [0x00000000e0000000,0x00000000e0000000,0x00000000f3000000)
  from space 67072K, 58% used [0x00000000f3000000,0x00000000f5680aa8,0x00000000f7180000)
  to   space 68096K, 0% used [0x00000000f7800000,0x00000000f7800000,0x00000000fba80000)
 ParOldGen       total 355840K, used 44872K [0x00000000a0000000, 0x00000000b5b80000, 0x00000000e0000000)
  object space 355840K, 12% used [0x00000000a0000000,0x00000000a2bd21a8,0x00000000b5b80000)
 Metaspace       used 111556K, capacity 119022K, committed 119232K, reserved 1153024K
  class space    used 14156K, capacity 15504K, committed 15576K, reserved 1048576K
}

Deoptimization events (10 events):
Event: 15510.450 Thread 0x000000002b871800 Uncommon trap: reason=speculate_class_check action=maybe_recompile pc=0x000000000845eb54 method=org.gradle.api.internal.artifacts.ivyservice.resolutionstrategy.DefaultCachePolicy.mustRefreshModule(Lorg/gradle/api/artifacts/component/ModuleComponentIdentifiïÞö©9KÎ@
Event: 15510.450 Thread 0x000000002b871800 Uncommon trap: reason=speculate_class_check action=maybe_recompile pc=0x000000000845eb54 method=org.gradle.api.internal.artifacts.ivyservice.resolutionstrategy.DefaultCachePolicy.mustRefreshModule(Lorg/gradle/api/artifacts/component/ModuleComponentIdentifi¹ü‡ôIKÎ@
Event: 15510.578 Thread 0x000000002b871800 Uncommon trap: reason=bimorphic action=maybe_recompile pc=0x0000000004d6bcfc method=org.gradle.api.internal.attributes.DefaultImmutableAttributes.get()Ljava/lang/Object; @ 4
Event: 15930.504 Thread 0x000000001aa66000 Uncommon trap: reason=null_check action=make_not_entrant pc=0x00000000064de26c method=org.gradle.api.internal.changedetection.state.DefaultResourceSnapshotterCacheService.hashFile(Lorg/gradle/internal/snapshot/RegularFileSnapshot;Lorg/gradle/api/internal/câ²eTAÏ@
Event: 15930.510 Thread 0x000000001aa66000 Uncommon trap: reason=bimorphic action=maybe_recompile pc=0x0000000007ab9b44 method=com.google.gson.stream.JsonWriter.open(ILjava/lang/String;)Lcom/google/gson/stream/JsonWriter; @ 14
Event: 15930.510 Thread 0x000000001aa66000 Uncommon trap: reason=bimorphic action=maybe_recompile pc=0x0000000007024ee4 method=com.google.gson.stream.JsonWriter.close(IILjava/lang/String;)Lcom/google/gson/stream/JsonWriter; @ 90
Event: 15930.580 Thread 0x000000001aa66000 Uncommon trap: reason=unstable_if action=reinterpret pc=0x0000000004118804 method=com.sun.org.apache.xerces.internal.dom.DeferredDocumentImpl.getChunkIndex([[III)I @ 3
Event: 15930.883 Thread 0x000000001aa66000 Uncommon trap: reason=unstable_if action=reinterpret pc=0x0000000007044e44 method=java.util.ComparableTimSort.countRunAndMakeAscending([Ljava/lang/Object;II)I @ 25
Event: 15930.884 Thread 0x000000001aa66000 Uncommon trap: reason=class_check action=maybe_recompile pc=0x000000000876317c method=com.sun.org.apache.xerces.internal.dom.NamedNodeMapImpl.getNamedItem(Ljava/lang/String;)Lorg/w3c/dom/Node; @ 28
Event: 15931.019 Thread 0x000000001aa66000 Uncommon trap: reason=class_check action=maybe_recompile pc=0x000000000876317c method=com.sun.org.apache.xerces.internal.dom.NamedNodeMapImpl.getNamedItem(Ljava/lang/String;)Lorg/w3c/dom/Node; @ 28

Internal exceptions (10 events):
Event: 15930.375 Thread 0x0000000024f5c000 Exception <a 'sun/nio/fs/WindowsException'> (0x00000000e3043978) thrown at [C:\re\workspace\8-2-build-windows-amd64-cygwin\jdk8u71\5731\hotspot\src\share\vm\prims\jni.cpp, line 709]
Event: 15930.375 Thread 0x0000000024f5c000 Exception <a 'sun/nio/fs/WindowsException'> (0x00000000e3045aa8) thrown at [C:\re\workspace\8-2-build-windows-amd64-cygwin\jdk8u71\5731\hotspot\src\share\vm\prims\jni.cpp, line 709]
Event: 15930.375 Thread 0x0000000024f5c000 Exception <a 'sun/nio/fs/WindowsException'> (0x00000000e3046610) thrown at [C:\re\workspace\8-2-build-windows-amd64-cygwin\jdk8u71\5731\hotspot\src\share\vm\prims\jni.cpp, line 709]
Event: 15930.375 Thread 0x0000000024f5c000 Exception <a 'sun/nio/fs/WindowsException'> (0x00000000e3049338) thrown at [C:\re\workspace\8-2-build-windows-amd64-cygwin\jdk8u71\5731\hotspot\src\share\vm\prims\jni.cpp, line 709]
Event: 15930.375 Thread 0x0000000024f5c000 Exception <a 'sun/nio/fs/WindowsException'> (0x00000000e3049eb0) thrown at [C:\re\workspace\8-2-build-windows-amd64-cygwin\jdk8u71\5731\hotspot\src\share\vm\prims\jni.cpp, line 709]
Event: 15930.375 Thread 0x0000000024f5c000 Exception <a 'sun/nio/fs/WindowsException'> (0x00000000e304c058) thrown at [C:\re\workspace\8-2-build-windows-amd64-cygwin\jdk8u71\5731\hotspot\src\share\vm\prims\jni.cpp, line 709]
Event: 15930.375 Thread 0x0000000024f5c000 Exception <a 'sun/nio/fs/WindowsException'> (0x00000000e304cdd8) thrown at [C:\re\workspace\8-2-build-windows-amd64-cygwin\jdk8u71\5731\hotspot\src\share\vm\prims\jni.cpp, line 709]
Event: 15930.483 Thread 0x000000001aa59000 Exception <a 'sun/nio/fs/WindowsException'> (0x00000000e6a799f0) thrown at [C:\re\workspace\8-2-build-windows-amd64-cygwin\jdk8u71\5731\hotspot\src\share\vm\prims\jni.cpp, line 709]
Event: 15930.504 Thread 0x000000001aa66000 Implicit null exception at 0x00000000064ddf48 to 0x00000000064de25d
Event: 15930.580 Thread 0x000000001aa66000 Implicit null exception at 0x000000000411879a to 0x00000000041187ed

Events (10 events):
Event: 15931.048 Thread 0x000000001bb15800 Thread added: 0x000000001bb15800
Event: 15931.048 Thread 0x000000001bb17000 Thread added: 0x000000001bb17000
Event: 15931.050 Thread 0x000000001bb17800 Thread added: 0x000000001bb17800
Event: 15931.050 Thread 0x000000001bb18800 Thread added: 0x000000001bb18800
Event: 15931.053 Thread 0x0000000021162000 Thread added: 0x0000000021162000
Event: 15931.053 Thread 0x0000000021160800 Thread added: 0x0000000021160800
Event: 15931.058 Thread 0x000000002115f800 Thread added: 0x000000002115f800
Event: 15931.058 Thread 0x000000002115c800 Thread added: 0x000000002115c800
Event: 15931.068 Thread 0x000000002115c000 Thread added: 0x000000002115c000
Event: 15931.068 Thread 0x000000002115d800 Thread added: 0x000000002115d800


Dynamic libraries:
0x00007ff76f100000 - 0x00007ff76f137000 	E:\tool\java\jdk1.8.0_71\bin\java.exe
0x00007ff810300000 - 0x00007ff8104f0000 	C:\WINDOWS\SYSTEM32\ntdll.dll
0x00007ff80ec10000 - 0x00007ff80ecc2000 	C:\WINDOWS\System32\KERNEL32.DLL
0x00007ff80d360000 - 0x00007ff80d603000 	C:\WINDOWS\System32\KERNELBASE.dll
0x00007ff80ee30000 - 0x00007ff80eed3000 	C:\WINDOWS\System32\ADVAPI32.dll
0x00007ff80e4c0000 - 0x00007ff80e55e000 	C:\WINDOWS\System32\msvcrt.dll
0x00007ff80fb10000 - 0x00007ff80fba7000 	C:\WINDOWS\System32\sechost.dll
0x00007ff80e8a0000 - 0x00007ff80e9c0000 	C:\WINDOWS\System32\RPCRT4.dll
0x00007ff80ef50000 - 0x00007ff80f0e4000 	C:\WINDOWS\System32\USER32.dll
0x00007ff80e380000 - 0x00007ff80e3a1000 	C:\WINDOWS\System32\win32u.dll
0x00007ff80ed30000 - 0x00007ff80ed56000 	C:\WINDOWS\System32\GDI32.dll
0x00007ff80de30000 - 0x00007ff80dfc4000 	C:\WINDOWS\System32\gdi32full.dll
0x00007ff80d290000 - 0x00007ff80d32e000 	C:\WINDOWS\System32\msvcp_win.dll
0x00007ff80e030000 - 0x00007ff80e12a000 	C:\WINDOWS\System32\ucrtbase.dll
0x00007ffffe930000 - 0x00007ffffebb5000 	C:\WINDOWS\WinSxS\amd64_microsoft.windows.common-controls_6595b64144ccf1df_6.0.18362.657_none_e6c5b579130e3898\COMCTL32.dll
0x00007ff80e560000 - 0x00007ff80e896000 	C:\WINDOWS\System32\combase.dll
0x00007ff80ddb0000 - 0x00007ff80de30000 	C:\WINDOWS\System32\bcryptPrimitives.dll
0x00007ff80e9c0000 - 0x00007ff80e9ee000 	C:\WINDOWS\System32\IMM32.DLL
0x00000000751c0000 - 0x0000000075292000 	E:\tool\java\jdk1.8.0_71\jre\bin\msvcr100.dll
0x0000000074930000 - 0x00000000751bf000 	E:\tool\java\jdk1.8.0_71\jre\bin\server\jvm.dll
0x00007ff80f370000 - 0x00007ff80f378000 	C:\WINDOWS\System32\PSAPI.DLL
0x00007ff8088a0000 - 0x00007ff8088aa000 	C:\WINDOWS\SYSTEM32\VERSION.dll
0x00007ff80b220000 - 0x00007ff80b244000 	C:\WINDOWS\SYSTEM32\WINMM.dll
0x00007ff80b3b0000 - 0x00007ff80b3b9000 	C:\WINDOWS\SYSTEM32\WSOCK32.dll
0x00007ff80ada0000 - 0x00007ff80adcd000 	C:\WINDOWS\SYSTEM32\WINMMBASE.dll
0x00007ff80eee0000 - 0x00007ff80ef4f000 	C:\WINDOWS\System32\WS2_32.dll
0x00007ff80e130000 - 0x00007ff80e17a000 	C:\WINDOWS\System32\cfgmgr32.dll
0x0000000074920000 - 0x000000007492f000 	E:\tool\java\jdk1.8.0_71\jre\bin\verify.dll
0x00000000748f0000 - 0x0000000074919000 	E:\tool\java\jdk1.8.0_71\jre\bin\java.dll
0x00000000748d0000 - 0x00000000748e6000 	E:\tool\java\jdk1.8.0_71\jre\bin\zip.dll
0x00007ff80f420000 - 0x00007ff80fb05000 	C:\WINDOWS\System32\SHELL32.dll
0x00007ff80e410000 - 0x00007ff80e4b9000 	C:\WINDOWS\System32\shcore.dll
0x00007ff80d630000 - 0x00007ff80ddaf000 	C:\WINDOWS\System32\windows.storage.dll
0x00007ff80d250000 - 0x00007ff80d26f000 	C:\WINDOWS\System32\profapi.dll
0x00007ff80d200000 - 0x00007ff80d24a000 	C:\WINDOWS\System32\powrprof.dll
0x00007ff80d1d0000 - 0x00007ff80d1e0000 	C:\WINDOWS\System32\UMPDC.dll
0x00007ff80e3b0000 - 0x00007ff80e402000 	C:\WINDOWS\System32\shlwapi.dll
0x00007ff80d1e0000 - 0x00007ff80d1f1000 	C:\WINDOWS\System32\kernel.appcore.dll
0x00007ff80d610000 - 0x00007ff80d627000 	C:\WINDOWS\System32\cryptsp.dll
0x00000000748b0000 - 0x00000000748ca000 	E:\tool\java\jdk1.8.0_71\jre\bin\net.dll
0x00007ff80ca40000 - 0x00007ff80caa7000 	C:\WINDOWS\system32\mswsock.dll
0x0000000074890000 - 0x00000000748a1000 	E:\tool\java\jdk1.8.0_71\jre\bin\nio.dll
0x00007ff808b40000 - 0x00007ff808b5e000 	D:\develop\.gradle\native\25\windows-amd64\native-platform.dll
0x0000000074880000 - 0x000000007488d000 	E:\tool\java\jdk1.8.0_71\jre\bin\management.dll
0x00007ff80c5b0000 - 0x00007ff80c5e3000 	C:\WINDOWS\system32\rsaenh.dll
0x00007ff80d330000 - 0x00007ff80d356000 	C:\WINDOWS\System32\bcrypt.dll
0x00007ff80d0c0000 - 0x00007ff80d0e5000 	C:\WINDOWS\SYSTEM32\USERENV.dll
0x00007ff80cc10000 - 0x00007ff80cc1c000 	C:\WINDOWS\SYSTEM32\CRYPTBASE.dll
0x00007ff80c750000 - 0x00007ff80c78a000 	C:\WINDOWS\SYSTEM32\IPHLPAPI.DLL
0x00007ff80f400000 - 0x00007ff80f408000 	C:\WINDOWS\System32\NSI.dll
0x00007ff8078b0000 - 0x00007ff8078c6000 	C:\WINDOWS\SYSTEM32\dhcpcsvc6.DLL
0x00007ff807120000 - 0x00007ff80713c000 	C:\WINDOWS\SYSTEM32\dhcpcsvc.DLL
0x00007ff80c790000 - 0x00007ff80c85a000 	C:\WINDOWS\SYSTEM32\DNSAPI.dll
0x0000000074550000 - 0x00000000746e8000 	E:\tool\java\jdk1.8.0_71\jre\bin\awt.dll
0x00007ff80f2a0000 - 0x00007ff80f364000 	C:\WINDOWS\System32\OLEAUT32.dll
0x00007ff80b420000 - 0x00007ff80b4af000 	C:\WINDOWS\SYSTEM32\apphelp.dll
0x00007ff80ba50000 - 0x00007ff80ba7d000 	C:\WINDOWS\system32\DWMAPI.DLL
0x00007ff80b550000 - 0x00007ff80b5e9000 	C:\WINDOWS\system32\uxtheme.dll
0x0000000074850000 - 0x000000007487a000 	E:\tool\java\jdk1.8.0_71\jre\bin\dcpr.dll
0x00007ff80c230000 - 0x00007ff80c261000 	C:\WINDOWS\SYSTEM32\ntmarta.dll
0x0000000074520000 - 0x0000000074544000 	E:\tool\java\jdk1.8.0_71\jre\bin\sunec.dll
0x00007ff8054c0000 - 0x00007ff8054ca000 	C:\Windows\System32\rasadhlp.dll
0x00007ff806d80000 - 0x00007ff806df7000 	C:\WINDOWS\System32\fwpuclnt.dll
0x00007ff805180000 - 0x00007ff805196000 	C:\WINDOWS\system32\napinsp.dll
0x00007ff8028f0000 - 0x00007ff80290a000 	C:\WINDOWS\system32\pnrpnsp.dll
0x00007ff8054d0000 - 0x00007ff8054de000 	C:\WINDOWS\System32\winrnr.dll
0x00007ff809a30000 - 0x00007ff809a4c000 	C:\WINDOWS\system32\NLAapi.dll
0x00007ffff8020000 - 0x00007ffff8035000 	C:\WINDOWS\system32\wshbth.dll

VM Arguments:
jvm_args: -Xmx1536m -Dfile.encoding=GBK -Duser.country=CN -Duser.language=zh -Duser.variant 
java_command: org.gradle.launcher.daemon.bootstrap.GradleDaemon 5.1.1
java_class_path (initial): D:\develop\.gradle\wrapper\dists\gradle-5.1.1-all\97z1ksx6lirer3kbvdnh7jtjg\gradle-5.1.1\lib\gradle-launcher-5.1.1.jar
Launcher Type: SUN_STANDARD

Environment Variables:
JAVA_HOME=E:\tool\java\jdk1.8.0_71
CLASSPATH=.;E:\tool\java\jdk1.8.0_71\lib;E:\tool\java\jdk1.8.0_71\lib\tools.jar
PATH=C:\WINDOWS\system32;C:\WINDOWS;C:\WINDOWS\System32\Wbem;C:\WINDOWS\System32\WindowsPowerShell\v1.0\;E:\tool\svn\bin;E:\tool\java\jdk1.8.0_71\bin;E:\tool\java\jdk1.8.0_71\jre\bin;C:\WINDOWS\System32\OpenSSH\;E:\tool\android\sdk\platform-tools;C:\Program Files\TortoiseGit\bin;E:\tool\git\Git\cmd;E:\tool\web\nodejs\;C:\Users\ZW002\AppData\Local\Microsoft\WindowsApps;E:\tool\flutter\flutter-1.13.2\bin;C:\Users\ZW002\AppData\Roaming\npm
USERNAME=ZW002
OS=Windows_NT
PROCESSOR_IDENTIFIER=Intel64 Family 6 Model 158 Stepping 10, GenuineIntel



---------------  S Y S T E M  ---------------

OS: Windows 10.0 , 64 bit Build 18362 (10.0.18362.329)

CPU:total 12 (6 cores per cpu, 2 threads per core) family 6 model 158 stepping 10, cmov, cx8, fxsr, mmx, sse, sse2, sse3, ssse3, sse4.1, sse4.2, popcnt, avx, avx2, aes, clmul, erms, rtm, 3dnowpref, lzcnt, ht, tsc, tscinvbit, bmi1, bmi2, adx

Memory: 4k page, physical 16635088k(1781492k free), swap 16635088k(12608k free)

vm_info: Java HotSpot(TM) 64-Bit Server VM (25.71-b15) for windows-amd64 JRE (1.8.0_71-b15), built on Dec 22 2015 18:15:55 by "java_re" with MS VC++ 10.0 (VS2010)

time: Tue Mar 10 14:38:27 2020
elapsed time: 15931 seconds (0d 4h 25m 31s)

